<?xml version="1.0" encoding="UTF-8"?>
<!-- Generated by org.testng.reporters.JUnitReportReporter -->
<testsuite hostname="LAPTOP-CVGQM1CK" failures="0" tests="1" name="aaacom.AddRenwu" time="0.030" errors="0" timestamp="26 11æœˆ 2018 09:07:11 GMT" skipped="0">
  <testcase classname="aaacom.AddRenwu" name="addRenwu" time="0.030"/>
</testsuite> <!-- aaacom.AddRenwu -->
