<?xml version="1.0" encoding="UTF-8"?>
<!-- Generated by org.testng.reporters.JUnitReportReporter -->
<testsuite hostname="LAPTOP-OHIPPB3J" failures="0" tests="1" name="com.webtest.demo.Create_Class" time="0.109" errors="0" timestamp="26 11æœˆ 2018 09:52:57 GMT" skipped="0">
  <testcase classname="com.webtest.demo.Create_Class" name="create_class" time="0.109"/>
</testsuite> <!-- com.webtest.demo.Create_Class -->
