<?xml version="1.0" encoding="UTF-8"?>
<!-- Generated by org.testng.reporters.JUnitReportReporter -->
<testsuite hostname="lovely" failures="0" tests="1" name="xueli.SendMail" time="20.960" errors="0" timestamp="23 11æœˆ 2018 02:02:28 GMT" skipped="0">
  <testcase classname="xueli.SendMail" name="mail" time="20.960"/>
</testsuite> <!-- xueli.SendMail -->
