<?xml version="1.0" encoding="UTF-8"?>
<!-- Generated by org.testng.reporters.JUnitReportReporter -->
<testsuite hostname="LAPTOP-OHIPPB3J" failures="0" tests="1" name="package1.CreateClass" time="13.487" errors="0" timestamp="26 11æœˆ 2018 08:45:10 GMT" skipped="0">
  <testcase classname="package1.CreateClass" name="test_createClass" time="13.487"/>
</testsuite> <!-- package1.CreateClass -->
