<?xml version="1.0" encoding="UTF-8"?>
<!-- Generated by org.testng.reporters.JUnitReportReporter -->
<testsuite hostname="LAPTOP-OHIPPB3J" failures="0" tests="2" name="com.webtest.demo.Login" time="14.974" errors="0" timestamp="26 11æœˆ 2018 07:52:51 GMT" skipped="0">
  <testcase classname="com.webtest.demo.Login" name="loginSuccess" time="10.158"/>
  <testcase classname="com.webtest.demo.Login" name="loginSuccess" time="4.816"/>
</testsuite> <!-- com.webtest.demo.Login -->
