<?xml version="1.0" encoding="UTF-8"?>
<!-- Generated by org.testng.reporters.JUnitReportReporter -->
<testsuite hostname="DESK-20180507JQ" failures="0" tests="1" name="com.webtest.demo.Login" time="0.000" errors="0" timestamp="30 11æœˆ 2018 00:49:21 GMT" skipped="1">
  <testcase classname="com.webtest.demo.Login" name="loginfail2" time="0.000">
    <skipped/>
  </testcase> <!-- loginfail2 -->
</testsuite> <!-- com.webtest.demo.Login -->
