<?xml version="1.0" encoding="UTF-8"?>
<!-- Generated by org.testng.reporters.JUnitReportReporter -->
<testsuite hostname="DESK-20180507JQ" failures="0" tests="1" name="com.webtest.demo.Search" time="30.749" errors="0" timestamp="30 11æœˆ 2018 03:13:33 GMT" skipped="0">
  <testcase classname="com.webtest.demo.Search" name="search_success" time="30.749"/>
</testsuite> <!-- com.webtest.demo.Search -->
