<?xml version="1.0" encoding="UTF-8"?>
<!-- Generated by org.testng.reporters.JUnitReportReporter -->
<testsuite hostname="DESKTOP-SBC7EAS" failures="0" tests="1" name="tijiao.xiugai" time="14.953" errors="0" timestamp="03 12æœˆ 2018 06:46:29 GMT" skipped="0">
  <testcase classname="tijiao.xiugai" name="dingwei" time="14.953"/>
</testsuite> <!-- tijiao.xiugai -->
