<?xml version="1.0" encoding="UTF-8"?>
<!-- Generated by org.testng.reporters.JUnitReportReporter -->
<testsuite hostname="DESKTOP-SBC7EAS" failures="0" tests="1" name="demo.test" time="27.931" errors="0" timestamp="26 11æœˆ 2018 09:53:33 GMT" skipped="0">
  <testcase classname="demo.test" name="test1" time="27.931"/>
</testsuite> <!-- demo.test -->
