<?xml version="1.0" encoding="UTF-8"?>
<!-- Generated by org.testng.reporters.JUnitReportReporter -->
<testsuite hostname="DESKTOP-SBC7EAS" failures="0" tests="1" name="tijiao.xiugai" time="30.523" errors="0" timestamp="23 11æœˆ 2018 03:08:39 GMT" skipped="0">
  <testcase classname="tijiao.xiugai" name="xiugaizuoye1" time="30.523"/>
</testsuite> <!-- tijiao.xiugai -->
