<?xml version="1.0" encoding="UTF-8"?>
<!-- Generated by org.testng.reporters.JUnitReportReporter -->
<testsuite hostname="lovely" failures="0" tests="1" name="com.webtest.demo.Xueli" time="49.726" errors="0" timestamp="06 12æœˆ 2018 09:59:12 GMT" skipped="0">
  <testcase classname="com.webtest.demo.Xueli" name="course" time="49.726"/>
</testsuite> <!-- com.webtest.demo.Xueli -->
