<?xml version="1.0" encoding="UTF-8"?>
<!-- Generated by org.testng.reporters.JUnitReportReporter -->
<testsuite hostname="PC" failures="0" tests="1" name="com.edu.own.Casetestng" time="25.231" errors="0" timestamp="26 11æœˆ 2018 10:04:25 GMT" skipped="0">
  <testcase classname="com.edu.own.Casetestng" name="Open" time="25.231"/>
</testsuite> <!-- com.edu.own.Casetestng -->
