<?xml version="1.0" encoding="UTF-8"?>
<!-- Generated by org.testng.reporters.JUnitReportReporter -->
<testsuite hostname="PC" failures="0" tests="1" name="com.edu.own.Auto_test" time="2.012" errors="0" timestamp="26 11æœˆ 2018 11:18:56 GMT" skipped="0">
  <testcase classname="com.edu.own.Auto_test" name="own_Massage" time="2.012"/>
</testsuite> <!-- com.edu.own.Auto_test -->
