<?xml version="1.0" encoding="UTF-8"?>
<!-- Generated by org.testng.reporters.JUnitReportReporter -->
<testsuite hostname="PC" failures="0" tests="3" name="com.edu.test.TestA" time="0.000" errors="0" timestamp="04 12æœˆ 2018 10:21:15 GMT" skipped="0">
  <testcase classname="com.edu.test.TestA" name="t3" time="0.000"/>
  <testcase classname="com.edu.test.TestA" name="t1" time="0.000"/>
  <testcase classname="com.edu.test.TestA" name="t2" time="0.000"/>
</testsuite> <!-- com.edu.test.TestA -->
