<?xml version="1.0" encoding="UTF-8"?>
<!-- Generated by org.testng.reporters.JUnitReportReporter -->
<testsuite hostname="PC" failures="0" tests="5" name="com.edu.test.Auto_test" time="48.438" errors="0" timestamp="30 11æœˆ 2018 03:25:58 GMT" skipped="2">
  <testcase classname="com.edu.test.Auto_test" name="own_Message" time="8.214"/>
  <testcase classname="com.edu.test.Auto_test" name="edit_Message" time="32.746"/>
  <testcase classname="com.edu.test.Auto_test" name="exit" time="7.478"/>
  <testcase classname="com.edu.test.Auto_test" name="edit_Password">
    <skipped/>
  </testcase> <!-- edit_Password -->
  <testcase classname="com.edu.test.Auto_test" name="edit_PasswordFailed">
    <skipped/>
  </testcase> <!-- edit_PasswordFailed -->
</testsuite> <!-- com.edu.test.Auto_test -->
